0 info it worked if it ends with ok
1 verbose cli [ 'C:\\Program Files\\nodejs\\node.exe',
1 verbose cli   'C:\\Program Files\\nodejs\\node_modules\\npm\\bin\\npm-cli.js',
1 verbose cli   'install',
1 verbose cli   '-g',
1 verbose cli   'ios-deploy' ]
2 info using npm@2.14.7
3 info using node@v4.2.1
4 verbose install initial load of C:\Users\Sacha\AppData\Roaming\npm\package.json
5 verbose readDependencies loading dependencies from C:\Users\Sacha\AppData\Roaming\npm\package.json
6 silly cache add args [ 'ios-deploy', null ]
7 verbose cache add spec ios-deploy
8 silly cache add parsed spec Result {
8 silly cache add   raw: 'ios-deploy',
8 silly cache add   scope: null,
8 silly cache add   name: 'ios-deploy',
8 silly cache add   rawSpec: '',
8 silly cache add   spec: '*',
8 silly cache add   type: 'range' }
9 silly addNamed ios-deploy@*
10 verbose addNamed "*" is a valid semver range for ios-deploy
11 silly addNameRange { name: 'ios-deploy', range: '*', hasData: false }
12 silly mapToRegistry name ios-deploy
13 silly mapToRegistry using default registry
14 silly mapToRegistry registry https://registry.npmjs.org/
15 silly mapToRegistry uri https://registry.npmjs.org/ios-deploy
16 verbose addNameRange registry:https://registry.npmjs.org/ios-deploy not in flight; fetching
17 verbose request uri https://registry.npmjs.org/ios-deploy
18 verbose request no auth needed
19 info attempt registry request try #1 at 15:38:23
20 verbose request id c35a9d61026432a6
21 http request GET https://registry.npmjs.org/ios-deploy
22 http 200 https://registry.npmjs.org/ios-deploy
23 verbose headers { server: 'nginx/1.10.1',
23 verbose headers   'content-type': 'application/json',
23 verbose headers   'last-modified': 'Mon, 17 Oct 2016 01:47:13 GMT',
23 verbose headers   etag: 'W/"58042da1-9e49"',
23 verbose headers   'content-encoding': 'gzip',
23 verbose headers   'cache-control': 'max-age=300',
23 verbose headers   'content-length': '6229',
23 verbose headers   'accept-ranges': 'bytes',
23 verbose headers   date: 'Thu, 17 Nov 2016 14:38:20 GMT',
23 verbose headers   via: '1.1 varnish',
23 verbose headers   age: '0',
23 verbose headers   connection: 'keep-alive',
23 verbose headers   'x-served-by': 'cache-lhr6321-LHR',
23 verbose headers   'x-cache': 'HIT',
23 verbose headers   'x-cache-hits': '1',
23 verbose headers   'x-timer': 'S1479393499.972486,VS0,VE31',
23 verbose headers   vary: 'Accept-Encoding' }
24 silly get cb [ 200,
24 silly get   { server: 'nginx/1.10.1',
24 silly get     'content-type': 'application/json',
24 silly get     'last-modified': 'Mon, 17 Oct 2016 01:47:13 GMT',
24 silly get     etag: 'W/"58042da1-9e49"',
24 silly get     'content-encoding': 'gzip',
24 silly get     'cache-control': 'max-age=300',
24 silly get     'content-length': '6229',
24 silly get     'accept-ranges': 'bytes',
24 silly get     date: 'Thu, 17 Nov 2016 14:38:20 GMT',
24 silly get     via: '1.1 varnish',
24 silly get     age: '0',
24 silly get     connection: 'keep-alive',
24 silly get     'x-served-by': 'cache-lhr6321-LHR',
24 silly get     'x-cache': 'HIT',
24 silly get     'x-cache-hits': '1',
24 silly get     'x-timer': 'S1479393499.972486,VS0,VE31',
24 silly get     vary: 'Accept-Encoding' } ]
25 verbose get saving ios-deploy to C:\Users\Sacha\AppData\Roaming\npm-cache\registry.npmjs.org\ios-deploy\.cache.json
26 silly addNameRange number 2 { name: 'ios-deploy', range: '*', hasData: true }
27 silly addNameRange versions [ 'ios-deploy',
27 silly addNameRange   [ '1.0.1',
27 silly addNameRange     '1.0.2',
27 silly addNameRange     '1.0.3',
27 silly addNameRange     '1.0.4',
27 silly addNameRange     '1.0.5',
27 silly addNameRange     '1.0.6',
27 silly addNameRange     '1.0.7',
27 silly addNameRange     '1.0.8',
27 silly addNameRange     '1.0.9',
27 silly addNameRange     '1.1.0',
27 silly addNameRange     '1.2.0',
27 silly addNameRange     '1.3.0',
27 silly addNameRange     '1.3.1',
27 silly addNameRange     '1.3.2',
27 silly addNameRange     '1.4.0',
27 silly addNameRange     '1.5.0',
27 silly addNameRange     '1.6.0',
27 silly addNameRange     '1.6.1',
27 silly addNameRange     '1.6.2',
27 silly addNameRange     '1.6.3',
27 silly addNameRange     '1.7.0',
27 silly addNameRange     '1.8.0',
27 silly addNameRange     '1.8.1',
27 silly addNameRange     '1.8.2',
27 silly addNameRange     '1.8.3',
27 silly addNameRange     '1.8.4',
27 silly addNameRange     '1.8.5',
27 silly addNameRange     '1.8.6',
27 silly addNameRange     '1.8.7',
27 silly addNameRange     '1.9.0' ] ]
28 silly addNamed ios-deploy@1.9.0
29 verbose addNamed "1.9.0" is a plain semver version for ios-deploy
30 silly mapToRegistry name ios-deploy
31 silly mapToRegistry using default registry
32 silly mapToRegistry registry https://registry.npmjs.org/
33 silly mapToRegistry uri https://registry.npmjs.org/ios-deploy
34 verbose addRemoteTarball https://registry.npmjs.org/ios-deploy/-/ios-deploy-1.9.0.tgz not in flight; adding
35 verbose addRemoteTarball [ 'https://registry.npmjs.org/ios-deploy/-/ios-deploy-1.9.0.tgz',
35 verbose addRemoteTarball   '9f065b9dd78143df51c8a740dac974615b950984' ]
36 info retry fetch attempt 1 at 15:38:24
37 info attempt registry request try #1 at 15:38:24
38 http fetch GET https://registry.npmjs.org/ios-deploy/-/ios-deploy-1.9.0.tgz
39 http fetch 200 https://registry.npmjs.org/ios-deploy/-/ios-deploy-1.9.0.tgz
40 silly fetchAndShaCheck shasum 9f065b9dd78143df51c8a740dac974615b950984
41 verbose addTmpTarball C:\Users\Sacha\AppData\Local\Temp\npm-15208-e48d9da2\registry.npmjs.org\ios-deploy\-\ios-deploy-1.9.0.tgz not in flight; adding
42 verbose addTmpTarball already have metadata; skipping unpack for ios-deploy@1.9.0
43 silly cache afterAdd ios-deploy@1.9.0
44 verbose afterAdd C:\Users\Sacha\AppData\Roaming\npm-cache\ios-deploy\1.9.0\package\package.json not in flight; writing
45 verbose afterAdd C:\Users\Sacha\AppData\Roaming\npm-cache\ios-deploy\1.9.0\package\package.json written
46 silly install resolved [ { name: 'ios-deploy',
46 silly install resolved     version: '1.9.0',
46 silly install resolved     os: [ 'darwin' ],
46 silly install resolved     description: 'launch iOS apps iOS devices from the command line (Xcode 7)',
46 silly install resolved     main: 'ios-deploy',
46 silly install resolved     scripts:
46 silly install resolved      { preinstall: './src/scripts/check_reqs.js && xcodebuild',
46 silly install resolved        test: 'npm run pycompile && npm run jshint && xcodebuild -target ios-deploy-lib && xcodebuild test -scheme ios-deploy-tests',
46 silly install resolved        jshint: 'node node_modules/jshint/bin/jshint src/scripts/*.js',
46 silly install resolved        pycompile: 'python -m py_compile src/scripts/*.py' },
46 silly install resolved     bin: { 'ios-deploy': './build/Release/ios-deploy' },
46 silly install resolved     repository:
46 silly install resolved      { type: 'git',
46 silly install resolved        url: 'git+https://github.com/phonegap/ios-deploy.git' },
46 silly install resolved     devDependencies: { jshint: '2.5.8' },
46 silly install resolved     keywords: [ 'ios-deploy', 'deploy to iOS device' ],
46 silly install resolved     bugs: { url: 'https://github.com/phonegap/ios-deploy/issues' },
46 silly install resolved     author: { name: 'Greg Hughes' },
46 silly install resolved     license: 'GPLv3',
46 silly install resolved     gitHead: '4346b331b703db43aeb3f9281c509042a551f2cc',
46 silly install resolved     homepage: 'https://github.com/phonegap/ios-deploy#readme',
46 silly install resolved     _id: 'ios-deploy@1.9.0',
46 silly install resolved     _shasum: '9f065b9dd78143df51c8a740dac974615b950984',
46 silly install resolved     _from: 'ios-deploy@*',
46 silly install resolved     _npmVersion: '3.10.3',
46 silly install resolved     _nodeVersion: '6.4.0',
46 silly install resolved     _npmUser: { name: 'shazron', email: 'shazron@gmail.com' },
46 silly install resolved     dist:
46 silly install resolved      { shasum: '9f065b9dd78143df51c8a740dac974615b950984',
46 silly install resolved        tarball: 'https://registry.npmjs.org/ios-deploy/-/ios-deploy-1.9.0.tgz' },
46 silly install resolved     maintainers: [ [Object], [Object], [Object] ],
46 silly install resolved     _npmOperationalInternal:
46 silly install resolved      { host: 'packages-16-east.internal.npmjs.com',
46 silly install resolved        tmp: 'tmp/ios-deploy-1.9.0.tgz_1474020371227_0.9639754295349121' },
46 silly install resolved     directories: {},
46 silly install resolved     _resolved: 'https://registry.npmjs.org/ios-deploy/-/ios-deploy-1.9.0.tgz' } ]
47 info install ios-deploy@1.9.0 into C:\Users\Sacha\AppData\Roaming\npm
48 info installOne ios-deploy@1.9.0
49 verbose installOne of ios-deploy to C:\Users\Sacha\AppData\Roaming\npm not in flight; installing
50 verbose lock using C:\Users\Sacha\AppData\Roaming\npm-cache\_locks\ios-deploy-baabd5ddacc425f1.lock for C:\Users\Sacha\AppData\Roaming\npm\node_modules\ios-deploy
51 verbose unlock done using C:\Users\Sacha\AppData\Roaming\npm-cache\_locks\ios-deploy-baabd5ddacc425f1.lock for C:\Users\Sacha\AppData\Roaming\npm\node_modules\ios-deploy
52 verbose stack Error: Unsupported
52 verbose stack     at checkPlatform (C:\Program Files\nodejs\node_modules\npm\node_modules\npm-install-checks\index.js:47:14)
52 verbose stack     at Array.<anonymous> (C:\Program Files\nodejs\node_modules\npm\node_modules\slide\lib\bind-actor.js:15:8)
52 verbose stack     at LOOP (C:\Program Files\nodejs\node_modules\npm\node_modules\slide\lib\chain.js:15:14)
52 verbose stack     at C:\Program Files\nodejs\node_modules\npm\node_modules\slide\lib\chain.js:18:7
52 verbose stack     at checkEngine (C:\Program Files\nodejs\node_modules\npm\node_modules\npm-install-checks\index.js:11:20)
52 verbose stack     at Array.<anonymous> (C:\Program Files\nodejs\node_modules\npm\node_modules\slide\lib\bind-actor.js:15:8)
52 verbose stack     at LOOP (C:\Program Files\nodejs\node_modules\npm\node_modules\slide\lib\chain.js:15:14)
52 verbose stack     at chain (C:\Program Files\nodejs\node_modules\npm\node_modules\slide\lib\chain.js:20:5)
52 verbose stack     at C:\Program Files\nodejs\node_modules\npm\lib\install.js:1038:5
52 verbose stack     at C:\Program Files\nodejs\node_modules\npm\lib\utils\locker.js:39:7
53 verbose pkgid ios-deploy@1.9.0
54 verbose cwd C:\Users\Sacha\Documents\GitHub\Project_Mobile_Remote_App
55 error Windows_NT 10.0.14393
56 error argv "C:\\Program Files\\nodejs\\node.exe" "C:\\Program Files\\nodejs\\node_modules\\npm\\bin\\npm-cli.js" "install" "-g" "ios-deploy"
57 error node v4.2.1
58 error npm  v2.14.7
59 error code EBADPLATFORM
60 error notsup Unsupported
60 error notsup Not compatible with your operating system or architecture: ios-deploy@1.9.0
60 error notsup Valid OS:    darwin
60 error notsup Valid Arch:  any
60 error notsup Actual OS:   win32
60 error notsup Actual Arch: x64
61 verbose exit [ 1, true ]
